2024-12-09 16:14:11 [main] INFO  com.g2.Components.AuthComponentTest - Starting AuthComponentTest using Java 21.0.5 with PID 1908 (started by Vittorio in C:\Users\Vittorio\Desktop\ProgettoSAD\A13-R6-B15\T5-G2\t5)
2024-12-09 16:14:11 [main] DEBUG com.g2.Components.AuthComponentTest - Running with Spring Boot v3.1.1, Spring v6.0.10
2024-12-09 16:14:11 [main] INFO  com.g2.Components.AuthComponentTest - No active profile set, falling back to 1 default profile: "default"
2024-12-09 16:14:14 [main] INFO  com.g2.Game.GameController - [SERVICE MANAGER] "ServiceCreation: T1Service
2024-12-09 16:14:14 [main] INFO  com.g2.Game.GameController - [SERVICE MANAGER] Servizio registrato: T1
2024-12-09 16:14:14 [main] INFO  com.g2.Game.GameController - [SERVICE MANAGER] "ServiceCreation: T23Service
2024-12-09 16:14:14 [main] INFO  com.g2.Game.GameController - [SERVICE MANAGER] Servizio registrato: T23
2024-12-09 16:14:14 [main] INFO  com.g2.Game.GameController - [SERVICE MANAGER] "ServiceCreation: T4Service
2024-12-09 16:14:14 [main] INFO  com.g2.Game.GameController - [SERVICE MANAGER] Servizio registrato: T4
2024-12-09 16:14:14 [main] INFO  com.g2.Game.GameController - [SERVICE MANAGER] "ServiceCreation: T7Service
2024-12-09 16:14:14 [main] INFO  com.g2.Game.GameController - [SERVICE MANAGER] Servizio registrato: T7
2024-12-09 16:14:14 [main] INFO  com.g2.Game.GameController - [SERVICE MANAGER] "ServiceCreation: T1Service
2024-12-09 16:14:14 [main] INFO  com.g2.Game.GameController - [SERVICE MANAGER] Servizio registrato: T1
2024-12-09 16:14:14 [main] INFO  com.g2.Game.GameController - [SERVICE MANAGER] "ServiceCreation: T23Service
2024-12-09 16:14:14 [main] INFO  com.g2.Game.GameController - [SERVICE MANAGER] Servizio registrato: T23
2024-12-09 16:14:14 [main] INFO  com.g2.Game.GameController - [SERVICE MANAGER] "ServiceCreation: T4Service
2024-12-09 16:14:14 [main] INFO  com.g2.Game.GameController - [SERVICE MANAGER] Servizio registrato: T4
2024-12-09 16:14:14 [main] INFO  com.g2.Game.GameController - [SERVICE MANAGER] "ServiceCreation: T7Service
2024-12-09 16:14:14 [main] INFO  com.g2.Game.GameController - [SERVICE MANAGER] Servizio registrato: T7
2024-12-09 16:14:14 [main] INFO  com.g2.Game.GameController - [SERVICE MANAGER] "ServiceCreation: T1Service
2024-12-09 16:14:14 [main] INFO  com.g2.Game.GameController - [SERVICE MANAGER] Servizio registrato: T1
2024-12-09 16:14:14 [main] INFO  com.g2.Game.GameController - [SERVICE MANAGER] "ServiceCreation: T23Service
2024-12-09 16:14:14 [main] INFO  com.g2.Game.GameController - [SERVICE MANAGER] Servizio registrato: T23
2024-12-09 16:14:14 [main] INFO  com.g2.Game.GameController - [SERVICE MANAGER] "ServiceCreation: T4Service
2024-12-09 16:14:14 [main] INFO  com.g2.Game.GameController - [SERVICE MANAGER] Servizio registrato: T4
2024-12-09 16:14:14 [main] INFO  com.g2.Game.GameController - [SERVICE MANAGER] "ServiceCreation: T7Service
2024-12-09 16:14:14 [main] INFO  com.g2.Game.GameController - [SERVICE MANAGER] Servizio registrato: T7
2024-12-09 16:14:14 [main] INFO  com.g2.Game.GameController - [SERVICE MANAGER] "ServiceCreation: T1Service
2024-12-09 16:14:14 [main] INFO  com.g2.Game.GameController - [SERVICE MANAGER] Servizio registrato: T1
2024-12-09 16:14:14 [main] INFO  com.g2.Game.GameController - [SERVICE MANAGER] "ServiceCreation: T23Service
2024-12-09 16:14:14 [main] INFO  com.g2.Game.GameController - [SERVICE MANAGER] Servizio registrato: T23
2024-12-09 16:14:14 [main] INFO  com.g2.Game.GameController - [SERVICE MANAGER] "ServiceCreation: T4Service
2024-12-09 16:14:14 [main] INFO  com.g2.Game.GameController - [SERVICE MANAGER] Servizio registrato: T4
2024-12-09 16:14:14 [main] INFO  com.g2.Game.GameController - [SERVICE MANAGER] "ServiceCreation: T7Service
2024-12-09 16:14:14 [main] INFO  com.g2.Game.GameController - [SERVICE MANAGER] Servizio registrato: T7
2024-12-09 16:14:16 [main] INFO  o.s.b.a.e.web.EndpointLinksResolver - Exposing 1 endpoint(s) beneath base path '/actuator'
2024-12-09 16:14:16 [main] INFO  com.g2.Components.AuthComponentTest - Started AuthComponentTest in 5.885 seconds (process running for 8.018)
2024-12-09 16:14:18 [main] INFO  com.g2.Game.GameController - [SERVICE MANAGER] "ServiceCreation: T1Service
2024-12-09 16:14:18 [main] INFO  com.g2.Game.GameController - [SERVICE MANAGER] Servizio registrato: T1
2024-12-09 16:14:18 [main] INFO  com.g2.Game.GameController - [SERVICE MANAGER] "ServiceCreation: T23Service
2024-12-09 16:14:18 [main] INFO  com.g2.Game.GameController - [SERVICE MANAGER] Servizio registrato: T23
2024-12-09 16:14:18 [main] INFO  com.g2.Game.GameController - [SERVICE MANAGER] "ServiceCreation: T4Service
2024-12-09 16:14:18 [main] INFO  com.g2.Game.GameController - [SERVICE MANAGER] Servizio registrato: T4
2024-12-09 16:14:18 [main] INFO  com.g2.Game.GameController - [SERVICE MANAGER] "ServiceCreation: T7Service
2024-12-09 16:14:18 [main] INFO  com.g2.Game.GameController - [SERVICE MANAGER] Servizio registrato: T7
2024-12-09 16:14:18 [main] INFO  com.g2.Game.GameController - [SERVICE MANAGER] "ServiceCreation: T1Service
2024-12-09 16:14:18 [main] INFO  com.g2.Game.GameController - [SERVICE MANAGER] Servizio registrato: T1
2024-12-09 16:14:18 [main] INFO  com.g2.Game.GameController - [SERVICE MANAGER] "ServiceCreation: T23Service
2024-12-09 16:14:18 [main] INFO  com.g2.Game.GameController - [SERVICE MANAGER] Servizio registrato: T23
2024-12-09 16:14:18 [main] INFO  com.g2.Game.GameController - [SERVICE MANAGER] "ServiceCreation: T4Service
2024-12-09 16:14:18 [main] INFO  com.g2.Game.GameController - [SERVICE MANAGER] Servizio registrato: T4
2024-12-09 16:14:18 [main] INFO  com.g2.Game.GameController - [SERVICE MANAGER] "ServiceCreation: T7Service
2024-12-09 16:14:18 [main] INFO  com.g2.Game.GameController - [SERVICE MANAGER] Servizio registrato: T7
2024-12-09 16:14:18 [main] INFO  com.g2.Components.PageBuilder - [PAGEBULDER] Builder costruito con successo
2024-12-09 16:14:19 [main] INFO  com.g2.Game.GameController - [SERVICE MANAGER] "ServiceCreation: T1Service
2024-12-09 16:14:19 [main] INFO  com.g2.Game.GameController - [SERVICE MANAGER] Servizio registrato: T1
2024-12-09 16:14:19 [main] INFO  com.g2.Game.GameController - [SERVICE MANAGER] "ServiceCreation: T23Service
2024-12-09 16:14:19 [main] INFO  com.g2.Game.GameController - [SERVICE MANAGER] Servizio registrato: T23
2024-12-09 16:14:19 [main] INFO  com.g2.Game.GameController - [SERVICE MANAGER] "ServiceCreation: T4Service
2024-12-09 16:14:19 [main] INFO  com.g2.Game.GameController - [SERVICE MANAGER] Servizio registrato: T4
2024-12-09 16:14:19 [main] INFO  com.g2.Game.GameController - [SERVICE MANAGER] "ServiceCreation: T7Service
2024-12-09 16:14:19 [main] INFO  com.g2.Game.GameController - [SERVICE MANAGER] Servizio registrato: T7
2024-12-09 16:14:19 [main] INFO  com.g2.Components.PageBuilder - [PAGEBULDER] Builder costruito con successo
2024-12-09 16:14:19 [main] INFO  com.g2.Game.GameController - [SERVICE MANAGER] "ServiceCreation: T1Service
2024-12-09 16:14:19 [main] INFO  com.g2.Game.GameController - [SERVICE MANAGER] Servizio registrato: T1
2024-12-09 16:14:19 [main] INFO  com.g2.Game.GameController - [SERVICE MANAGER] "ServiceCreation: T23Service
2024-12-09 16:14:19 [main] INFO  com.g2.Game.GameController - [SERVICE MANAGER] Servizio registrato: T23
2024-12-09 16:14:19 [main] INFO  com.g2.Game.GameController - [SERVICE MANAGER] "ServiceCreation: T4Service
2024-12-09 16:14:19 [main] INFO  com.g2.Game.GameController - [SERVICE MANAGER] Servizio registrato: T4
2024-12-09 16:14:19 [main] INFO  com.g2.Game.GameController - [SERVICE MANAGER] "ServiceCreation: T7Service
2024-12-09 16:14:19 [main] INFO  com.g2.Game.GameController - [SERVICE MANAGER] Servizio registrato: T7
2024-12-09 16:14:19 [main] INFO  com.g2.Components.PageBuilder - [PAGEBULDER] Builder costruito con successo
2024-12-09 16:14:19 [main] INFO  com.g2.Game.GameController - [SERVICE MANAGER] "ServiceCreation: T1Service
2024-12-09 16:14:19 [main] INFO  com.g2.Game.GameController - [SERVICE MANAGER] Servizio registrato: T1
2024-12-09 16:14:19 [main] INFO  com.g2.Game.GameController - [SERVICE MANAGER] "ServiceCreation: T23Service
2024-12-09 16:14:19 [main] INFO  com.g2.Game.GameController - [SERVICE MANAGER] Servizio registrato: T23
2024-12-09 16:14:19 [main] INFO  com.g2.Game.GameController - [SERVICE MANAGER] "ServiceCreation: T4Service
2024-12-09 16:14:19 [main] INFO  com.g2.Game.GameController - [SERVICE MANAGER] Servizio registrato: T4
2024-12-09 16:14:19 [main] INFO  com.g2.Game.GameController - [SERVICE MANAGER] "ServiceCreation: T7Service
2024-12-09 16:14:19 [main] INFO  com.g2.Game.GameController - [SERVICE MANAGER] Servizio registrato: T7
2024-12-09 16:14:19 [main] INFO  com.g2.Components.PageBuilder - [PAGEBULDER] Builder costruito con successo
2024-12-09 16:14:19 [main] ERROR com.g2.Components.PageBuilder - [PAGEBULDER][executeComponentsLogic] Logica fallita per il componente: ServiceLogicComponent
2024-12-09 16:14:19 [main] INFO  com.g2.Components.PageBuilder - [PAGEBULDER][executeComponentsLogic] Lista error code: [mock_error]
2024-12-09 16:14:19 [main] INFO  com.g2.Game.GameController - [SERVICE MANAGER] "ServiceCreation: T1Service
2024-12-09 16:14:19 [main] INFO  com.g2.Game.GameController - [SERVICE MANAGER] Servizio registrato: T1
2024-12-09 16:14:19 [main] INFO  com.g2.Game.GameController - [SERVICE MANAGER] "ServiceCreation: T23Service
2024-12-09 16:14:19 [main] INFO  com.g2.Game.GameController - [SERVICE MANAGER] Servizio registrato: T23
2024-12-09 16:14:19 [main] INFO  com.g2.Game.GameController - [SERVICE MANAGER] "ServiceCreation: T4Service
2024-12-09 16:14:19 [main] INFO  com.g2.Game.GameController - [SERVICE MANAGER] Servizio registrato: T4
2024-12-09 16:14:19 [main] INFO  com.g2.Game.GameController - [SERVICE MANAGER] "ServiceCreation: T7Service
2024-12-09 16:14:19 [main] INFO  com.g2.Game.GameController - [SERVICE MANAGER] Servizio registrato: T7
2024-12-09 16:14:19 [main] INFO  com.g2.Components.PageBuilder - [PAGEBULDER] Builder costruito con successo
2024-12-09 16:14:19 [main] INFO  com.g2.Game.GameController - [SERVICE MANAGER] "ServiceCreation: T1Service
2024-12-09 16:14:19 [main] INFO  com.g2.Game.GameController - [SERVICE MANAGER] Servizio registrato: T1
2024-12-09 16:14:19 [main] INFO  com.g2.Game.GameController - [SERVICE MANAGER] "ServiceCreation: T23Service
2024-12-09 16:14:19 [main] INFO  com.g2.Game.GameController - [SERVICE MANAGER] Servizio registrato: T23
2024-12-09 16:14:19 [main] INFO  com.g2.Game.GameController - [SERVICE MANAGER] "ServiceCreation: T4Service
2024-12-09 16:14:19 [main] INFO  com.g2.Game.GameController - [SERVICE MANAGER] Servizio registrato: T4
2024-12-09 16:14:19 [main] INFO  com.g2.Game.GameController - [SERVICE MANAGER] "ServiceCreation: T7Service
2024-12-09 16:14:19 [main] INFO  com.g2.Game.GameController - [SERVICE MANAGER] Servizio registrato: T7
2024-12-09 16:14:19 [main] INFO  com.g2.Components.PageBuilder - [PAGEBULDER] Builder costruito con successo
2024-12-09 16:14:19 [main] ERROR com.g2.Components.PageBuilder - [PAGEBULDER][executeComponentsLogic] Logica fallita per il componente: ServiceLogicComponent
2024-12-09 16:14:19 [main] INFO  com.g2.Components.PageBuilder - [PAGEBULDER][executeComponentsLogic] Lista error code: [Service_Logic_error_1]
2024-12-09 16:14:19 [main] INFO  com.g2.Game.GameController - [SERVICE MANAGER] "ServiceCreation: T1Service
2024-12-09 16:14:19 [main] INFO  com.g2.Game.GameController - [SERVICE MANAGER] Servizio registrato: T1
2024-12-09 16:14:19 [main] INFO  com.g2.Game.GameController - [SERVICE MANAGER] "ServiceCreation: T23Service
2024-12-09 16:14:19 [main] INFO  com.g2.Game.GameController - [SERVICE MANAGER] Servizio registrato: T23
2024-12-09 16:14:19 [main] INFO  com.g2.Game.GameController - [SERVICE MANAGER] "ServiceCreation: T4Service
2024-12-09 16:14:19 [main] INFO  com.g2.Game.GameController - [SERVICE MANAGER] Servizio registrato: T4
2024-12-09 16:14:19 [main] INFO  com.g2.Game.GameController - [SERVICE MANAGER] "ServiceCreation: T7Service
2024-12-09 16:14:19 [main] INFO  com.g2.Game.GameController - [SERVICE MANAGER] Servizio registrato: T7
2024-12-09 16:14:19 [main] INFO  com.g2.Components.PageBuilder - [PAGEBULDER] Builder costruito con successo
2024-12-09 16:14:19 [main] INFO  com.g2.Game.GameController - [SERVICE MANAGER] "ServiceCreation: T1Service
2024-12-09 16:14:19 [main] INFO  com.g2.Game.GameController - [SERVICE MANAGER] Servizio registrato: T1
2024-12-09 16:14:19 [main] INFO  com.g2.Game.GameController - [SERVICE MANAGER] "ServiceCreation: T23Service
2024-12-09 16:14:19 [main] INFO  com.g2.Game.GameController - [SERVICE MANAGER] Servizio registrato: T23
2024-12-09 16:14:19 [main] INFO  com.g2.Game.GameController - [SERVICE MANAGER] "ServiceCreation: T4Service
2024-12-09 16:14:19 [main] INFO  com.g2.Game.GameController - [SERVICE MANAGER] Servizio registrato: T4
2024-12-09 16:14:19 [main] INFO  com.g2.Game.GameController - [SERVICE MANAGER] "ServiceCreation: T7Service
2024-12-09 16:14:19 [main] INFO  com.g2.Game.GameController - [SERVICE MANAGER] Servizio registrato: T7
2024-12-09 16:14:19 [main] INFO  com.g2.Components.PageBuilder - [PAGEBULDER] Builder costruito con successo
2024-12-09 16:14:19 [main] INFO  com.g2.Game.GameController - [SERVICE MANAGER] "ServiceCreation: T1Service
2024-12-09 16:14:19 [main] INFO  com.g2.Game.GameController - [SERVICE MANAGER] Servizio registrato: T1
2024-12-09 16:14:19 [main] INFO  com.g2.Game.GameController - [SERVICE MANAGER] "ServiceCreation: T23Service
2024-12-09 16:14:19 [main] INFO  com.g2.Game.GameController - [SERVICE MANAGER] Servizio registrato: T23
2024-12-09 16:14:19 [main] INFO  com.g2.Game.GameController - [SERVICE MANAGER] "ServiceCreation: T4Service
2024-12-09 16:14:19 [main] INFO  com.g2.Game.GameController - [SERVICE MANAGER] Servizio registrato: T4
2024-12-09 16:14:19 [main] INFO  com.g2.Game.GameController - [SERVICE MANAGER] "ServiceCreation: T7Service
2024-12-09 16:14:19 [main] INFO  com.g2.Game.GameController - [SERVICE MANAGER] Servizio registrato: T7
2024-12-09 16:14:19 [main] INFO  com.g2.Components.PageBuilder - [PAGEBULDER] Builder costruito con successo
2024-12-09 16:14:19 [main] ERROR com.g2.Components.PageBuilder - [PAGEBULDER][executeComponentsLogic] Logica fallita per il componente: ServiceLogicComponent
2024-12-09 16:14:19 [main] INFO  com.g2.Components.PageBuilder - [PAGEBULDER][executeComponentsLogic] Lista error code: [mock_error]
2024-12-09 16:14:19 [main] INFO  com.g2.Game.GameController - [SERVICE MANAGER] "ServiceCreation: T1Service
2024-12-09 16:14:19 [main] INFO  com.g2.Game.GameController - [SERVICE MANAGER] Servizio registrato: T1
2024-12-09 16:14:19 [main] INFO  com.g2.Game.GameController - [SERVICE MANAGER] "ServiceCreation: T23Service
2024-12-09 16:14:19 [main] INFO  com.g2.Game.GameController - [SERVICE MANAGER] Servizio registrato: T23
2024-12-09 16:14:19 [main] INFO  com.g2.Game.GameController - [SERVICE MANAGER] "ServiceCreation: T4Service
2024-12-09 16:14:19 [main] INFO  com.g2.Game.GameController - [SERVICE MANAGER] Servizio registrato: T4
2024-12-09 16:14:19 [main] INFO  com.g2.Game.GameController - [SERVICE MANAGER] "ServiceCreation: T7Service
2024-12-09 16:14:19 [main] INFO  com.g2.Game.GameController - [SERVICE MANAGER] Servizio registrato: T7
2024-12-09 16:14:19 [main] INFO  com.g2.Components.PageBuilder - [PAGEBULDER] Builder costruito con successo
2024-12-09 16:14:19 [main] INFO  com.g2.Game.GameController - [SERVICE MANAGER] "ServiceCreation: T1Service
2024-12-09 16:14:19 [main] INFO  com.g2.Game.GameController - [SERVICE MANAGER] Servizio registrato: T1
2024-12-09 16:14:19 [main] INFO  com.g2.Game.GameController - [SERVICE MANAGER] "ServiceCreation: T23Service
2024-12-09 16:14:19 [main] INFO  com.g2.Game.GameController - [SERVICE MANAGER] Servizio registrato: T23
2024-12-09 16:14:19 [main] INFO  com.g2.Game.GameController - [SERVICE MANAGER] "ServiceCreation: T4Service
2024-12-09 16:14:19 [main] INFO  com.g2.Game.GameController - [SERVICE MANAGER] Servizio registrato: T4
2024-12-09 16:14:19 [main] INFO  com.g2.Game.GameController - [SERVICE MANAGER] "ServiceCreation: T7Service
2024-12-09 16:14:19 [main] INFO  com.g2.Game.GameController - [SERVICE MANAGER] Servizio registrato: T7
2024-12-09 16:14:19 [main] INFO  com.g2.Components.PageBuilder - [PAGEBULDER] Builder costruito con successo
2024-12-09 16:14:19 [main] INFO  com.g2.Game.GameController - [SERVICE MANAGER] "ServiceCreation: T1Service
2024-12-09 16:14:19 [main] INFO  com.g2.Game.GameController - [SERVICE MANAGER] Servizio registrato: T1
2024-12-09 16:14:19 [main] INFO  com.g2.Game.GameController - [SERVICE MANAGER] "ServiceCreation: T23Service
2024-12-09 16:14:19 [main] INFO  com.g2.Game.GameController - [SERVICE MANAGER] Servizio registrato: T23
2024-12-09 16:14:19 [main] INFO  com.g2.Game.GameController - [SERVICE MANAGER] "ServiceCreation: T4Service
2024-12-09 16:14:19 [main] INFO  com.g2.Game.GameController - [SERVICE MANAGER] Servizio registrato: T4
2024-12-09 16:14:19 [main] INFO  com.g2.Game.GameController - [SERVICE MANAGER] "ServiceCreation: T7Service
2024-12-09 16:14:19 [main] INFO  com.g2.Game.GameController - [SERVICE MANAGER] Servizio registrato: T7
2024-12-09 16:14:19 [main] INFO  com.g2.Components.PageBuilder - [PAGEBULDER] Builder costruito con successo
2024-12-09 16:14:19 [main] INFO  com.g2.Game.GameController - [SERVICE MANAGER] "ServiceCreation: T1Service
2024-12-09 16:14:19 [main] INFO  com.g2.Game.GameController - [SERVICE MANAGER] Servizio registrato: T1
2024-12-09 16:14:19 [main] INFO  com.g2.Game.GameController - [SERVICE MANAGER] "ServiceCreation: T23Service
2024-12-09 16:14:19 [main] INFO  com.g2.Game.GameController - [SERVICE MANAGER] Servizio registrato: T23
2024-12-09 16:14:19 [main] INFO  com.g2.Game.GameController - [SERVICE MANAGER] "ServiceCreation: T4Service
2024-12-09 16:14:19 [main] INFO  com.g2.Game.GameController - [SERVICE MANAGER] Servizio registrato: T4
2024-12-09 16:14:19 [main] INFO  com.g2.Game.GameController - [SERVICE MANAGER] "ServiceCreation: T7Service
2024-12-09 16:14:19 [main] INFO  com.g2.Game.GameController - [SERVICE MANAGER] Servizio registrato: T7
2024-12-09 16:14:19 [main] INFO  com.g2.Components.PageBuilder - [PAGEBULDER] Builder costruito con successo
2024-12-09 16:14:19 [main] INFO  com.g2.Game.GameController - [SERVICE MANAGER] "ServiceCreation: T1Service
2024-12-09 16:14:19 [main] INFO  com.g2.Game.GameController - [SERVICE MANAGER] Servizio registrato: T1
2024-12-09 16:14:19 [main] INFO  com.g2.Game.GameController - [SERVICE MANAGER] "ServiceCreation: T23Service
2024-12-09 16:14:19 [main] INFO  com.g2.Game.GameController - [SERVICE MANAGER] Servizio registrato: T23
2024-12-09 16:14:19 [main] INFO  com.g2.Game.GameController - [SERVICE MANAGER] "ServiceCreation: T4Service
2024-12-09 16:14:19 [main] INFO  com.g2.Game.GameController - [SERVICE MANAGER] Servizio registrato: T4
2024-12-09 16:14:19 [main] INFO  com.g2.Game.GameController - [SERVICE MANAGER] "ServiceCreation: T7Service
2024-12-09 16:14:19 [main] INFO  com.g2.Game.GameController - [SERVICE MANAGER] Servizio registrato: T7
2024-12-09 16:14:19 [main] INFO  com.g2.Components.PageBuilder - [PAGEBULDER] Builder costruito con successo
2024-12-09 16:14:19 [main] INFO  com.g2.Components.PageBuilder - [PAGEBULDER][executeComponentsLogic] Lista error code: []
2024-12-09 16:14:19 [main] INFO  com.g2.Game.GameController - [SERVICE MANAGER] "ServiceCreation: T1Service
2024-12-09 16:14:19 [main] INFO  com.g2.Game.GameController - [SERVICE MANAGER] Servizio registrato: T1
2024-12-09 16:14:19 [main] INFO  com.g2.Game.GameController - [SERVICE MANAGER] "ServiceCreation: T23Service
2024-12-09 16:14:19 [main] INFO  com.g2.Game.GameController - [SERVICE MANAGER] Servizio registrato: T23
2024-12-09 16:14:19 [main] INFO  com.g2.Game.GameController - [SERVICE MANAGER] "ServiceCreation: T4Service
2024-12-09 16:14:19 [main] INFO  com.g2.Game.GameController - [SERVICE MANAGER] Servizio registrato: T4
2024-12-09 16:14:19 [main] INFO  com.g2.Game.GameController - [SERVICE MANAGER] "ServiceCreation: T7Service
2024-12-09 16:14:19 [main] INFO  com.g2.Game.GameController - [SERVICE MANAGER] Servizio registrato: T7
2024-12-09 16:14:19 [main] INFO  com.g2.Game.GameController - [SERVICE MANAGER] "ServiceCreation: T1Service
2024-12-09 16:14:19 [main] INFO  com.g2.Game.GameController - [SERVICE MANAGER] Servizio registrato: T1
2024-12-09 16:14:19 [main] INFO  com.g2.Game.GameController - [SERVICE MANAGER] "ServiceCreation: T23Service
2024-12-09 16:14:19 [main] INFO  com.g2.Game.GameController - [SERVICE MANAGER] Servizio registrato: T23
2024-12-09 16:14:19 [main] INFO  com.g2.Game.GameController - [SERVICE MANAGER] "ServiceCreation: T4Service
2024-12-09 16:14:19 [main] INFO  com.g2.Game.GameController - [SERVICE MANAGER] Servizio registrato: T4
2024-12-09 16:14:19 [main] INFO  com.g2.Game.GameController - [SERVICE MANAGER] "ServiceCreation: T7Service
2024-12-09 16:14:19 [main] INFO  com.g2.Game.GameController - [SERVICE MANAGER] Servizio registrato: T7
2024-12-09 16:14:19 [main] INFO  com.g2.Game.GameController - [SERVICE MANAGER] "ServiceCreation: T1Service
2024-12-09 16:14:19 [main] INFO  com.g2.Game.GameController - [SERVICE MANAGER] Servizio registrato: T1
2024-12-09 16:14:19 [main] INFO  com.g2.Game.GameController - [SERVICE MANAGER] "ServiceCreation: T23Service
2024-12-09 16:14:19 [main] INFO  com.g2.Game.GameController - [SERVICE MANAGER] Servizio registrato: T23
2024-12-09 16:14:19 [main] INFO  com.g2.Game.GameController - [SERVICE MANAGER] "ServiceCreation: T4Service
2024-12-09 16:14:19 [main] INFO  com.g2.Game.GameController - [SERVICE MANAGER] Servizio registrato: T4
2024-12-09 16:14:19 [main] INFO  com.g2.Game.GameController - [SERVICE MANAGER] "ServiceCreation: T7Service
2024-12-09 16:14:19 [main] INFO  com.g2.Game.GameController - [SERVICE MANAGER] Servizio registrato: T7
2024-12-09 16:14:19 [main] INFO  com.g2.Game.GameController - [SERVICE MANAGER] "ServiceCreation: T1Service
2024-12-09 16:14:19 [main] INFO  com.g2.Game.GameController - [SERVICE MANAGER] Servizio registrato: T1
2024-12-09 16:14:19 [main] INFO  com.g2.Game.GameController - [SERVICE MANAGER] "ServiceCreation: T23Service
2024-12-09 16:14:19 [main] INFO  com.g2.Game.GameController - [SERVICE MANAGER] Servizio registrato: T23
2024-12-09 16:14:19 [main] INFO  com.g2.Game.GameController - [SERVICE MANAGER] "ServiceCreation: T4Service
2024-12-09 16:14:19 [main] INFO  com.g2.Game.GameController - [SERVICE MANAGER] Servizio registrato: T4
2024-12-09 16:14:19 [main] INFO  com.g2.Game.GameController - [SERVICE MANAGER] "ServiceCreation: T7Service
2024-12-09 16:14:19 [main] INFO  com.g2.Game.GameController - [SERVICE MANAGER] Servizio registrato: T7
2024-12-09 16:14:19 [main] INFO  com.g2.Game.GameController - [SERVICE MANAGER] "ServiceCreation: T1Service
2024-12-09 16:14:19 [main] INFO  com.g2.Game.GameController - [SERVICE MANAGER] Servizio registrato: T1
2024-12-09 16:14:19 [main] INFO  com.g2.Game.GameController - [SERVICE MANAGER] "ServiceCreation: T23Service
2024-12-09 16:14:19 [main] INFO  com.g2.Game.GameController - [SERVICE MANAGER] Servizio registrato: T23
2024-12-09 16:14:19 [main] INFO  com.g2.Game.GameController - [SERVICE MANAGER] "ServiceCreation: T4Service
2024-12-09 16:14:19 [main] INFO  com.g2.Game.GameController - [SERVICE MANAGER] Servizio registrato: T4
2024-12-09 16:14:19 [main] INFO  com.g2.Game.GameController - [SERVICE MANAGER] "ServiceCreation: T7Service
2024-12-09 16:14:19 [main] INFO  com.g2.Game.GameController - [SERVICE MANAGER] Servizio registrato: T7
2024-12-09 16:14:19 [main] INFO  com.g2.Game.GameController - [SERVICE MANAGER] "ServiceCreation: T1Service
2024-12-09 16:14:19 [main] INFO  com.g2.Game.GameController - [SERVICE MANAGER] Servizio registrato: T1
2024-12-09 16:14:19 [main] INFO  com.g2.Game.GameController - [SERVICE MANAGER] "ServiceCreation: T23Service
2024-12-09 16:14:19 [main] INFO  com.g2.Game.GameController - [SERVICE MANAGER] Servizio registrato: T23
2024-12-09 16:14:19 [main] INFO  com.g2.Game.GameController - [SERVICE MANAGER] "ServiceCreation: T4Service
2024-12-09 16:14:19 [main] INFO  com.g2.Game.GameController - [SERVICE MANAGER] Servizio registrato: T4
2024-12-09 16:14:19 [main] INFO  com.g2.Game.GameController - [SERVICE MANAGER] "ServiceCreation: T7Service
2024-12-09 16:14:19 [main] INFO  com.g2.Game.GameController - [SERVICE MANAGER] Servizio registrato: T7
2024-12-09 16:14:19 [main] INFO  com.g2.Game.GameController - [SERVICE MANAGER] "ServiceCreation: T1Service
2024-12-09 16:14:19 [main] INFO  com.g2.Game.GameController - [SERVICE MANAGER] Servizio registrato: T1
2024-12-09 16:14:19 [main] INFO  com.g2.Game.GameController - [SERVICE MANAGER] "ServiceCreation: T23Service
2024-12-09 16:14:19 [main] INFO  com.g2.Game.GameController - [SERVICE MANAGER] Servizio registrato: T23
2024-12-09 16:14:19 [main] INFO  com.g2.Game.GameController - [SERVICE MANAGER] "ServiceCreation: T4Service
2024-12-09 16:14:19 [main] INFO  com.g2.Game.GameController - [SERVICE MANAGER] Servizio registrato: T4
2024-12-09 16:14:19 [main] INFO  com.g2.Game.GameController - [SERVICE MANAGER] "ServiceCreation: T7Service
2024-12-09 16:14:19 [main] INFO  com.g2.Game.GameController - [SERVICE MANAGER] Servizio registrato: T7
2024-12-09 16:14:19 [main] INFO  com.g2.Game.GameController - [SERVICE MANAGER] "ServiceCreation: T1Service
2024-12-09 16:14:19 [main] INFO  com.g2.Game.GameController - [SERVICE MANAGER] Servizio registrato: T1
2024-12-09 16:14:19 [main] INFO  com.g2.Game.GameController - [SERVICE MANAGER] "ServiceCreation: T23Service
2024-12-09 16:14:19 [main] INFO  com.g2.Game.GameController - [SERVICE MANAGER] Servizio registrato: T23
2024-12-09 16:14:19 [main] INFO  com.g2.Game.GameController - [SERVICE MANAGER] "ServiceCreation: T4Service
2024-12-09 16:14:19 [main] INFO  com.g2.Game.GameController - [SERVICE MANAGER] Servizio registrato: T4
2024-12-09 16:14:19 [main] INFO  com.g2.Game.GameController - [SERVICE MANAGER] "ServiceCreation: T7Service
2024-12-09 16:14:19 [main] INFO  com.g2.Game.GameController - [SERVICE MANAGER] Servizio registrato: T7
2024-12-09 16:14:19 [main] INFO  com.g2.Game.GameController - [SERVICE MANAGER] "ServiceCreation: T1Service
2024-12-09 16:14:19 [main] INFO  com.g2.Game.GameController - [SERVICE MANAGER] Servizio registrato: T1
2024-12-09 16:14:19 [main] INFO  com.g2.Game.GameController - [SERVICE MANAGER] "ServiceCreation: T23Service
2024-12-09 16:14:19 [main] INFO  com.g2.Game.GameController - [SERVICE MANAGER] Servizio registrato: T23
2024-12-09 16:14:19 [main] INFO  com.g2.Game.GameController - [SERVICE MANAGER] "ServiceCreation: T4Service
2024-12-09 16:14:19 [main] INFO  com.g2.Game.GameController - [SERVICE MANAGER] Servizio registrato: T4
2024-12-09 16:14:19 [main] INFO  com.g2.Game.GameController - [SERVICE MANAGER] "ServiceCreation: T7Service
2024-12-09 16:14:19 [main] INFO  com.g2.Game.GameController - [SERVICE MANAGER] Servizio registrato: T7
2024-12-09 16:14:19 [main] INFO  com.g2.Game.GameController - [SERVICE MANAGER] "ServiceCreation: T1Service
2024-12-09 16:14:19 [main] INFO  com.g2.Game.GameController - [SERVICE MANAGER] Servizio registrato: T1
2024-12-09 16:14:19 [main] INFO  com.g2.Game.GameController - [SERVICE MANAGER] "ServiceCreation: T23Service
2024-12-09 16:14:19 [main] INFO  com.g2.Game.GameController - [SERVICE MANAGER] Servizio registrato: T23
2024-12-09 16:14:19 [main] INFO  com.g2.Game.GameController - [SERVICE MANAGER] "ServiceCreation: T4Service
2024-12-09 16:14:19 [main] INFO  com.g2.Game.GameController - [SERVICE MANAGER] Servizio registrato: T4
2024-12-09 16:14:19 [main] INFO  com.g2.Game.GameController - [SERVICE MANAGER] "ServiceCreation: T7Service
2024-12-09 16:14:19 [main] INFO  com.g2.Game.GameController - [SERVICE MANAGER] Servizio registrato: T7
2024-12-09 16:14:19 [main] INFO  com.g2.Game.GameController - [SERVICE MANAGER] "ServiceCreation: T1Service
2024-12-09 16:14:19 [main] INFO  com.g2.Game.GameController - [SERVICE MANAGER] Servizio registrato: T1
2024-12-09 16:14:19 [main] INFO  com.g2.Game.GameController - [SERVICE MANAGER] "ServiceCreation: T23Service
2024-12-09 16:14:19 [main] INFO  com.g2.Game.GameController - [SERVICE MANAGER] Servizio registrato: T23
2024-12-09 16:14:19 [main] INFO  com.g2.Game.GameController - [SERVICE MANAGER] "ServiceCreation: T4Service
2024-12-09 16:14:19 [main] INFO  com.g2.Game.GameController - [SERVICE MANAGER] Servizio registrato: T4
2024-12-09 16:14:19 [main] INFO  com.g2.Game.GameController - [SERVICE MANAGER] "ServiceCreation: T7Service
2024-12-09 16:14:19 [main] INFO  com.g2.Game.GameController - [SERVICE MANAGER] Servizio registrato: T7
2024-12-09 16:14:20 [main] INFO  c.g2.Interfaces.ServiceManagerTest - Starting ServiceManagerTest using Java 21.0.5 with PID 1908 (started by Vittorio in C:\Users\Vittorio\Desktop\ProgettoSAD\A13-R6-B15\T5-G2\t5)
2024-12-09 16:14:20 [main] DEBUG c.g2.Interfaces.ServiceManagerTest - Running with Spring Boot v3.1.1, Spring v6.0.10
2024-12-09 16:14:20 [main] INFO  c.g2.Interfaces.ServiceManagerTest - The following 1 profile is active: "test"
2024-12-09 16:14:21 [main] INFO  com.g2.Game.GameController - [SERVICE MANAGER] "ServiceCreation: T1Service
2024-12-09 16:14:21 [main] INFO  com.g2.Game.GameController - [SERVICE MANAGER] Servizio registrato: T1
2024-12-09 16:14:21 [main] INFO  com.g2.Game.GameController - [SERVICE MANAGER] "ServiceCreation: T23Service
2024-12-09 16:14:21 [main] INFO  com.g2.Game.GameController - [SERVICE MANAGER] Servizio registrato: T23
2024-12-09 16:14:21 [main] INFO  com.g2.Game.GameController - [SERVICE MANAGER] "ServiceCreation: T4Service
2024-12-09 16:14:21 [main] INFO  com.g2.Game.GameController - [SERVICE MANAGER] Servizio registrato: T4
2024-12-09 16:14:21 [main] INFO  com.g2.Game.GameController - [SERVICE MANAGER] "ServiceCreation: T7Service
2024-12-09 16:14:21 [main] INFO  com.g2.Game.GameController - [SERVICE MANAGER] Servizio registrato: T7
2024-12-09 16:14:21 [main] INFO  com.g2.Game.GameController - [SERVICE MANAGER] "ServiceCreation: T1Service
2024-12-09 16:14:21 [main] INFO  com.g2.Game.GameController - [SERVICE MANAGER] Servizio registrato: T1
2024-12-09 16:14:21 [main] INFO  com.g2.Game.GameController - [SERVICE MANAGER] "ServiceCreation: T23Service
2024-12-09 16:14:21 [main] INFO  com.g2.Game.GameController - [SERVICE MANAGER] Servizio registrato: T23
2024-12-09 16:14:21 [main] INFO  com.g2.Game.GameController - [SERVICE MANAGER] "ServiceCreation: T4Service
2024-12-09 16:14:21 [main] INFO  com.g2.Game.GameController - [SERVICE MANAGER] Servizio registrato: T4
2024-12-09 16:14:21 [main] INFO  com.g2.Game.GameController - [SERVICE MANAGER] "ServiceCreation: T7Service
2024-12-09 16:14:21 [main] INFO  com.g2.Game.GameController - [SERVICE MANAGER] Servizio registrato: T7
2024-12-09 16:14:21 [main] INFO  com.g2.Game.GameController - [SERVICE MANAGER] "ServiceCreation: T1Service
2024-12-09 16:14:21 [main] INFO  com.g2.Game.GameController - [SERVICE MANAGER] Servizio registrato: T1
2024-12-09 16:14:21 [main] INFO  com.g2.Game.GameController - [SERVICE MANAGER] "ServiceCreation: T23Service
2024-12-09 16:14:21 [main] INFO  com.g2.Game.GameController - [SERVICE MANAGER] Servizio registrato: T23
2024-12-09 16:14:21 [main] INFO  com.g2.Game.GameController - [SERVICE MANAGER] "ServiceCreation: T4Service
2024-12-09 16:14:21 [main] INFO  com.g2.Game.GameController - [SERVICE MANAGER] Servizio registrato: T4
2024-12-09 16:14:21 [main] INFO  com.g2.Game.GameController - [SERVICE MANAGER] "ServiceCreation: T7Service
2024-12-09 16:14:21 [main] INFO  com.g2.Game.GameController - [SERVICE MANAGER] Servizio registrato: T7
2024-12-09 16:14:21 [main] INFO  com.g2.Game.GameController - [SERVICE MANAGER] "ServiceCreation: T1Service
2024-12-09 16:14:21 [main] INFO  com.g2.Game.GameController - [SERVICE MANAGER] Servizio registrato: T1
2024-12-09 16:14:21 [main] INFO  com.g2.Game.GameController - [SERVICE MANAGER] "ServiceCreation: T23Service
2024-12-09 16:14:21 [main] INFO  com.g2.Game.GameController - [SERVICE MANAGER] Servizio registrato: T23
2024-12-09 16:14:21 [main] INFO  com.g2.Game.GameController - [SERVICE MANAGER] "ServiceCreation: T4Service
2024-12-09 16:14:21 [main] INFO  com.g2.Game.GameController - [SERVICE MANAGER] Servizio registrato: T4
2024-12-09 16:14:21 [main] INFO  com.g2.Game.GameController - [SERVICE MANAGER] "ServiceCreation: T7Service
2024-12-09 16:14:21 [main] INFO  com.g2.Game.GameController - [SERVICE MANAGER] Servizio registrato: T7
2024-12-09 16:14:21 [main] INFO  com.g2.Game.GameController - [SERVICE MANAGER] "ServiceCreation: T1Service
2024-12-09 16:14:21 [main] INFO  com.g2.Game.GameController - [SERVICE MANAGER] Servizio registrato: T1
2024-12-09 16:14:21 [main] INFO  com.g2.Game.GameController - [SERVICE MANAGER] "ServiceCreation: T23Service
2024-12-09 16:14:21 [main] INFO  com.g2.Game.GameController - [SERVICE MANAGER] Servizio registrato: T23
2024-12-09 16:14:21 [main] INFO  com.g2.Game.GameController - [SERVICE MANAGER] "ServiceCreation: T4Service
2024-12-09 16:14:21 [main] INFO  com.g2.Game.GameController - [SERVICE MANAGER] Servizio registrato: T4
2024-12-09 16:14:21 [main] INFO  com.g2.Game.GameController - [SERVICE MANAGER] "ServiceCreation: T7Service
2024-12-09 16:14:21 [main] INFO  com.g2.Game.GameController - [SERVICE MANAGER] Servizio registrato: T7
2024-12-09 16:14:22 [main] INFO  o.s.b.a.e.web.EndpointLinksResolver - Exposing 1 endpoint(s) beneath base path '/actuator'
2024-12-09 16:14:22 [main] INFO  c.g2.Interfaces.ServiceManagerTest - Started ServiceManagerTest in 1.999 seconds (process running for 14.286)
2024-12-09 16:14:22 [main] INFO  com.g2.Game.GameController - [SERVICE MANAGER] "ServiceCreation: T1Service
2024-12-09 16:14:22 [main] INFO  com.g2.Game.GameController - [SERVICE MANAGER] Servizio registrato: T1
2024-12-09 16:14:22 [main] INFO  com.g2.Game.GameController - [SERVICE MANAGER] "ServiceCreation: T23Service
2024-12-09 16:14:22 [main] INFO  com.g2.Game.GameController - [SERVICE MANAGER] Servizio registrato: T23
2024-12-09 16:14:22 [main] INFO  com.g2.Game.GameController - [SERVICE MANAGER] "ServiceCreation: T4Service
2024-12-09 16:14:22 [main] INFO  com.g2.Game.GameController - [SERVICE MANAGER] Servizio registrato: T4
2024-12-09 16:14:22 [main] INFO  com.g2.Game.GameController - [SERVICE MANAGER] "ServiceCreation: T7Service
2024-12-09 16:14:22 [main] INFO  com.g2.Game.GameController - [SERVICE MANAGER] Servizio registrato: T7
2024-12-09 16:14:22 [main] ERROR com.g2.Game.GameController - [SERVICE MANAGER] Errore nella creazione del servizio: com.g2.Interfaces.ServiceManagerTest$1InvalidService Exception: com.g2.Interfaces.ServiceManagerTest$1InvalidService.<init>(org.springframework.web.client.RestTemplate)
2024-12-09 16:14:22 [main] INFO  com.g2.Game.GameController - [SERVICE MANAGER] "ServiceCreation: T1Service
2024-12-09 16:14:22 [main] INFO  com.g2.Game.GameController - [SERVICE MANAGER] Servizio registrato: T1
2024-12-09 16:14:22 [main] INFO  com.g2.Game.GameController - [SERVICE MANAGER] "ServiceCreation: T23Service
2024-12-09 16:14:22 [main] INFO  com.g2.Game.GameController - [SERVICE MANAGER] Servizio registrato: T23
2024-12-09 16:14:22 [main] INFO  com.g2.Game.GameController - [SERVICE MANAGER] "ServiceCreation: T4Service
2024-12-09 16:14:22 [main] INFO  com.g2.Game.GameController - [SERVICE MANAGER] Servizio registrato: T4
2024-12-09 16:14:22 [main] INFO  com.g2.Game.GameController - [SERVICE MANAGER] "ServiceCreation: T7Service
2024-12-09 16:14:22 [main] INFO  com.g2.Game.GameController - [SERVICE MANAGER] Servizio registrato: T7
2024-12-09 16:14:22 [main] ERROR com.g2.Game.GameController - [SERVICE MANAGER] Errore nella creazione del servizio: com.g2.Interfaces.ServiceManagerTest$1AbstractService Exception: com.g2.Interfaces.ServiceManagerTest$1AbstractService.<init>(org.springframework.web.client.RestTemplate)
2024-12-09 16:14:22 [main] INFO  com.g2.Game.GameController - [SERVICE MANAGER] "ServiceCreation: T1Service
2024-12-09 16:14:22 [main] INFO  com.g2.Game.GameController - [SERVICE MANAGER] Servizio registrato: T1
2024-12-09 16:14:22 [main] INFO  com.g2.Game.GameController - [SERVICE MANAGER] "ServiceCreation: T23Service
2024-12-09 16:14:22 [main] INFO  com.g2.Game.GameController - [SERVICE MANAGER] Servizio registrato: T23
2024-12-09 16:14:22 [main] INFO  com.g2.Game.GameController - [SERVICE MANAGER] "ServiceCreation: T4Service
2024-12-09 16:14:22 [main] INFO  com.g2.Game.GameController - [SERVICE MANAGER] Servizio registrato: T4
2024-12-09 16:14:22 [main] INFO  com.g2.Game.GameController - [SERVICE MANAGER] "ServiceCreation: T7Service
2024-12-09 16:14:22 [main] INFO  com.g2.Game.GameController - [SERVICE MANAGER] Servizio registrato: T7
2024-12-09 16:14:22 [main] INFO  com.g2.Game.GameController - [SERVICE MANAGER] "ServiceCreation: T1Service
2024-12-09 16:14:22 [main] INFO  com.g2.Game.GameController - [SERVICE MANAGER] Servizio registrato: T1
2024-12-09 16:14:22 [main] INFO  com.g2.Game.GameController - [SERVICE MANAGER] "ServiceCreation: T23Service
2024-12-09 16:14:22 [main] INFO  com.g2.Game.GameController - [SERVICE MANAGER] Servizio registrato: T23
2024-12-09 16:14:22 [main] INFO  com.g2.Game.GameController - [SERVICE MANAGER] "ServiceCreation: T4Service
2024-12-09 16:14:22 [main] INFO  com.g2.Game.GameController - [SERVICE MANAGER] Servizio registrato: T4
2024-12-09 16:14:22 [main] INFO  com.g2.Game.GameController - [SERVICE MANAGER] "ServiceCreation: T7Service
2024-12-09 16:14:22 [main] INFO  com.g2.Game.GameController - [SERVICE MANAGER] Servizio registrato: T7
2024-12-09 16:14:22 [main] INFO  com.g2.Game.GameController - [SERVICE MANAGER] "ServiceCreation: T1Service
2024-12-09 16:14:22 [main] INFO  com.g2.Game.GameController - [SERVICE MANAGER] Servizio registrato: T1
2024-12-09 16:14:22 [main] INFO  com.g2.Game.GameController - [SERVICE MANAGER] "ServiceCreation: T23Service
2024-12-09 16:14:22 [main] INFO  com.g2.Game.GameController - [SERVICE MANAGER] Servizio registrato: T23
2024-12-09 16:14:22 [main] INFO  com.g2.Game.GameController - [SERVICE MANAGER] "ServiceCreation: T4Service
2024-12-09 16:14:22 [main] INFO  com.g2.Game.GameController - [SERVICE MANAGER] Servizio registrato: T4
2024-12-09 16:14:22 [main] INFO  com.g2.Game.GameController - [SERVICE MANAGER] "ServiceCreation: T7Service
2024-12-09 16:14:22 [main] INFO  com.g2.Game.GameController - [SERVICE MANAGER] Servizio registrato: T7
2024-12-09 16:14:22 [main] INFO  com.g2.Game.GameController - [SERVICE MANAGER] "ServiceCreation: T1Service
2024-12-09 16:14:22 [main] INFO  com.g2.Game.GameController - [SERVICE MANAGER] Servizio registrato: T1Service
2024-12-09 16:14:22 [main] ERROR com.g2.Game.GameController - [SERVICE MANAGER] Il servizio: T1Service è già registrato.
2024-12-09 16:14:22 [main] INFO  com.g2.Game.GameController - [SERVICE MANAGER] "ServiceCreation: T1Service
2024-12-09 16:14:22 [main] INFO  com.g2.Game.GameController - [SERVICE MANAGER] Servizio registrato: T1
2024-12-09 16:14:22 [main] INFO  com.g2.Game.GameController - [SERVICE MANAGER] "ServiceCreation: T23Service
2024-12-09 16:14:22 [main] INFO  com.g2.Game.GameController - [SERVICE MANAGER] Servizio registrato: T23
2024-12-09 16:14:22 [main] INFO  com.g2.Game.GameController - [SERVICE MANAGER] "ServiceCreation: T4Service
2024-12-09 16:14:22 [main] INFO  com.g2.Game.GameController - [SERVICE MANAGER] Servizio registrato: T4
2024-12-09 16:14:22 [main] INFO  com.g2.Game.GameController - [SERVICE MANAGER] "ServiceCreation: T7Service
2024-12-09 16:14:22 [main] INFO  com.g2.Game.GameController - [SERVICE MANAGER] Servizio registrato: T7
2024-12-09 16:14:22 [main] INFO  com.g2.Game.GameController - [SERVICE MANAGER] "ServiceCreation: T1Service
2024-12-09 16:14:22 [main] INFO  com.g2.Game.GameController - [SERVICE MANAGER] Servizio registrato: T1
2024-12-09 16:14:22 [main] INFO  com.g2.Game.GameController - [SERVICE MANAGER] "ServiceCreation: T23Service
2024-12-09 16:14:22 [main] INFO  com.g2.Game.GameController - [SERVICE MANAGER] Servizio registrato: T23
2024-12-09 16:14:22 [main] INFO  com.g2.Game.GameController - [SERVICE MANAGER] "ServiceCreation: T4Service
2024-12-09 16:14:22 [main] INFO  com.g2.Game.GameController - [SERVICE MANAGER] Servizio registrato: T4
2024-12-09 16:14:22 [main] INFO  com.g2.Game.GameController - [SERVICE MANAGER] "ServiceCreation: T7Service
2024-12-09 16:14:22 [main] INFO  com.g2.Game.GameController - [SERVICE MANAGER] Servizio registrato: T7
2024-12-09 16:14:22 [main] INFO  com.g2.Game.GameController - [SERVICE MANAGER] "ServiceCreation: T1Service
2024-12-09 16:14:22 [main] INFO  com.g2.Game.GameController - [SERVICE MANAGER] Servizio registrato: T1
2024-12-09 16:14:22 [main] INFO  com.g2.Game.GameController - [SERVICE MANAGER] "ServiceCreation: T23Service
2024-12-09 16:14:22 [main] INFO  com.g2.Game.GameController - [SERVICE MANAGER] Servizio registrato: T23
2024-12-09 16:14:22 [main] INFO  com.g2.Game.GameController - [SERVICE MANAGER] "ServiceCreation: T4Service
2024-12-09 16:14:22 [main] INFO  com.g2.Game.GameController - [SERVICE MANAGER] Servizio registrato: T4
2024-12-09 16:14:22 [main] INFO  com.g2.Game.GameController - [SERVICE MANAGER] "ServiceCreation: T7Service
2024-12-09 16:14:22 [main] INFO  com.g2.Game.GameController - [SERVICE MANAGER] Servizio registrato: T7
2024-12-09 16:14:22 [main] INFO  com.g2.Game.GameController - [SERVICE MANAGER] "ServiceCreation: T1Service
2024-12-09 16:14:22 [main] INFO  com.g2.Game.GameController - [SERVICE MANAGER] Servizio registrato: T1
2024-12-09 16:14:22 [main] INFO  com.g2.Game.GameController - [SERVICE MANAGER] "ServiceCreation: T23Service
2024-12-09 16:14:22 [main] INFO  com.g2.Game.GameController - [SERVICE MANAGER] Servizio registrato: T23
2024-12-09 16:14:22 [main] INFO  com.g2.Game.GameController - [SERVICE MANAGER] "ServiceCreation: T4Service
2024-12-09 16:14:22 [main] INFO  com.g2.Game.GameController - [SERVICE MANAGER] Servizio registrato: T4
2024-12-09 16:14:22 [main] INFO  com.g2.Game.GameController - [SERVICE MANAGER] "ServiceCreation: T7Service
2024-12-09 16:14:22 [main] INFO  com.g2.Game.GameController - [SERVICE MANAGER] Servizio registrato: T7
2024-12-09 16:14:22 [main] ERROR com.g2.Game.GameController - [SERVICE MANAGER][HandleRequest] ServiceNotFound NonExistentService
2024-12-09 16:14:22 [main] INFO  com.g2.Game.GameController - [SERVICE MANAGER] "ServiceCreation: T1Service
2024-12-09 16:14:22 [main] INFO  com.g2.Game.GameController - [SERVICE MANAGER] Servizio registrato: T1
2024-12-09 16:14:22 [main] INFO  com.g2.Game.GameController - [SERVICE MANAGER] "ServiceCreation: T23Service
2024-12-09 16:14:22 [main] INFO  com.g2.Game.GameController - [SERVICE MANAGER] Servizio registrato: T23
2024-12-09 16:14:22 [main] INFO  com.g2.Game.GameController - [SERVICE MANAGER] "ServiceCreation: T4Service
2024-12-09 16:14:22 [main] INFO  com.g2.Game.GameController - [SERVICE MANAGER] Servizio registrato: T4
2024-12-09 16:14:22 [main] INFO  com.g2.Game.GameController - [SERVICE MANAGER] "ServiceCreation: T7Service
2024-12-09 16:14:22 [main] INFO  com.g2.Game.GameController - [SERVICE MANAGER] Servizio registrato: T7
2024-12-09 16:14:22 [main] INFO  com.g2.Game.GameController - [SERVICE MANAGER] "ServiceCreation: T1Service
2024-12-09 16:14:22 [main] INFO  com.g2.Game.GameController - [SERVICE MANAGER] Servizio registrato: T1
2024-12-09 16:14:22 [main] INFO  com.g2.Game.GameController - [SERVICE MANAGER] "ServiceCreation: T23Service
2024-12-09 16:14:22 [main] INFO  com.g2.Game.GameController - [SERVICE MANAGER] Servizio registrato: T23
2024-12-09 16:14:22 [main] INFO  com.g2.Game.GameController - [SERVICE MANAGER] "ServiceCreation: T4Service
2024-12-09 16:14:22 [main] INFO  com.g2.Game.GameController - [SERVICE MANAGER] Servizio registrato: T4
2024-12-09 16:14:22 [main] INFO  com.g2.Game.GameController - [SERVICE MANAGER] "ServiceCreation: T7Service
2024-12-09 16:14:22 [main] INFO  com.g2.Game.GameController - [SERVICE MANAGER] Servizio registrato: T7
2024-12-09 16:14:22 [main] ERROR com.g2.Game.GameController - [SERVICE MANAGER] Errore nella creazione del servizio: com.g2.Interfaces.ServiceManagerTest$1IncompatibleService Exception: com.g2.Interfaces.ServiceManagerTest$1IncompatibleService.<init>(org.springframework.web.client.RestTemplate)
